This file contains any messages produced by compilers while
running configure, to aid debugging if configure makes a mistake.

It was created by configure, which was
generated by GNU Autoconf 2.65.  Invocation command line was

  $ ./configure 

## --------- ##
## Platform. ##
## --------- ##

hostname = osiris
uname -m = i686
uname -r = 2.6.32-30-generic-pae
uname -s = Linux
uname -v = #59-Ubuntu SMP Tue Mar 1 23:01:33 UTC 2011

/usr/bin/uname -p = unknown
/bin/uname -X     = unknown

/bin/arch              = unknown
/usr/bin/arch -k       = unknown
/usr/convex/getsysinfo = unknown
/usr/bin/hostinfo      = unknown
/bin/machine           = unknown
/usr/bin/oslevel       = unknown
/bin/universe          = unknown

PATH: /usr/local/sbin
PATH: /usr/local/bin
PATH: /usr/sbin
PATH: /usr/bin
PATH: /sbin
PATH: /bin
PATH: /usr/games


## ----------- ##
## Core tests. ##
## ----------- ##

configure:2314: checking for grep that handles long lines and -e
configure:2372: result: /bin/grep
configure:2377: checking for egrep
configure:2439: result: /bin/grep -E
configure:2444: checking for a sed that does not truncate output
configure:2508: result: /bin/sed
configure:2642: checking for cc
configure:2658: found /usr/bin/cc
configure:2669: result: cc
configure:2700: checking for C compiler version
configure:2709: cc --version >&5
cc (Ubuntu 4.4.3-4ubuntu5) 4.4.3
Copyright (C) 2009 Free Software Foundation, Inc.
This is free software; see the source for copying conditions.  There is NO
warranty; not even for MERCHANTABILITY or FITNESS FOR A PARTICULAR PURPOSE.

configure:2720: $? = 0
configure:2709: cc -v >&5
Using built-in specs.
Target: i486-linux-gnu
Configured with: ../src/configure -v --with-pkgversion='Ubuntu 4.4.3-4ubuntu5' --with-bugurl=file:///usr/share/doc/gcc-4.4/README.Bugs --enable-languages=c,c++,fortran,objc,obj-c++ --prefix=/usr --enable-shared --enable-multiarch --enable-linker-build-id --with-system-zlib --libexecdir=/usr/lib --without-included-gettext --enable-threads=posix --with-gxx-include-dir=/usr/include/c++/4.4 --program-suffix=-4.4 --enable-nls --enable-clocale=gnu --enable-libstdcxx-debug --enable-plugin --enable-objc-gc --enable-targets=all --disable-werror --with-arch-32=i486 --with-tune=generic --enable-checking=release --build=i486-linux-gnu --host=i486-linux-gnu --target=i486-linux-gnu
Thread model: posix
gcc version 4.4.3 (Ubuntu 4.4.3-4ubuntu5) 
configure:2720: $? = 0
configure:2709: cc -V >&5
cc: '-V' option must have argument
configure:2720: $? = 1
configure:2709: cc -qversion >&5
cc: unrecognized option '-qversion'
cc: no input files
configure:2720: $? = 1
configure:2740: checking whether the C compiler works
configure:2762: cc    conftest.c  >&5
configure:2766: $? = 0
configure:2815: result: yes
configure:2818: checking for C compiler default output file name
configure:2820: result: a.out
configure:2826: checking for suffix of executables
configure:2833: cc -o conftest    conftest.c  >&5
configure:2837: $? = 0
configure:2859: result: 
configure:2881: checking whether we are cross compiling
configure:2889: cc -o conftest    conftest.c  >&5
configure:2893: $? = 0
configure:2900: ./conftest
configure:2904: $? = 0
configure:2919: result: no
configure:2924: checking for suffix of object files
configure:2946: cc -c   conftest.c >&5
configure:2950: $? = 0
configure:2971: result: o
configure:2975: checking whether we are using the GNU C compiler
configure:2994: cc -c   conftest.c >&5
configure:2994: $? = 0
configure:3003: result: yes
configure:3012: checking whether cc accepts -g
configure:3032: cc -c -g  conftest.c >&5
configure:3032: $? = 0
configure:3073: result: yes
configure:3090: checking for cc option to accept ISO C89
configure:3154: cc  -c -g -O2  conftest.c >&5
configure:3154: $? = 0
configure:3167: result: none needed
configure:3193: checking how to run the C preprocessor
configure:3224: cc -E  conftest.c
configure:3224: $? = 0
configure:3238: cc -E  conftest.c
conftest.c:9:28: error: ac_nonexistent.h: No such file or directory
configure:3238: $? = 1
configure: failed program was:
| /* confdefs.h */
| #define PACKAGE_NAME ""
| #define PACKAGE_TARNAME ""
| #define PACKAGE_VERSION ""
| #define PACKAGE_STRING ""
| #define PACKAGE_BUGREPORT ""
| #define PACKAGE_URL ""
| /* end confdefs.h.  */
| #include <ac_nonexistent.h>
configure:3263: result: cc -E
configure:3283: cc -E  conftest.c
configure:3283: $? = 0
configure:3297: cc -E  conftest.c
conftest.c:9:28: error: ac_nonexistent.h: No such file or directory
configure:3297: $? = 1
configure: failed program was:
| /* confdefs.h */
| #define PACKAGE_NAME ""
| #define PACKAGE_TARNAME ""
| #define PACKAGE_VERSION ""
| #define PACKAGE_STRING ""
| #define PACKAGE_BUGREPORT ""
| #define PACKAGE_URL ""
| /* end confdefs.h.  */
| #include <ac_nonexistent.h>
configure:3328: checking for icc
configure:3337: result: no
configure:3351: checking for suncc
configure:3360: result: no
configure:3378: checking whether cc understands -c and -o together
configure:3406: cc -c conftest.c -o conftest2.o >&5
configure:3410: $? = 0
configure:3416: cc -c conftest.c -o conftest2.o >&5
configure:3420: $? = 0
configure:3475: result: yes
configure:3489: checking for system library directory
configure:3507: result: lib
configure:3514: checking if compiler supports -R
configure:3533: cc -o conftest -g -O2   conftest.c -R /usr/lib  >&5
cc: unrecognized option '-R'
/usr/bin/ld: /usr/lib: No such file: File format not recognized
collect2: ld returned 1 exit status
configure:3533: $? = 1
configure: failed program was:
| /* confdefs.h */
| #define PACKAGE_NAME ""
| #define PACKAGE_TARNAME ""
| #define PACKAGE_VERSION ""
| #define PACKAGE_STRING ""
| #define PACKAGE_BUGREPORT ""
| #define PACKAGE_URL ""
| /* end confdefs.h.  */
| 
| int
| main ()
| {
| 
|   ;
|   return 0;
| }
configure:3543: result: no
configure:3548: checking if compiler supports -Wl,-rpath,
configure:3567: cc -o conftest -g -O2   conftest.c -Wl,-rpath,/usr/lib  >&5
configure:3567: $? = 0
configure:3577: result: yes
configure:3616: checking build system type
configure:3630: result: i686-pc-linux-gnu
configure:3650: checking host system type
configure:3663: result: i686-pc-linux-gnu
configure:3683: checking target system type
configure:3696: result: i686-pc-linux-gnu
configure:3802: checking for PHP prefix
configure:3804: result: /usr
configure:3806: checking for PHP includes
configure:3808: result: -I/usr/include/php5 -I/usr/include/php5/main -I/usr/include/php5/TSRM -I/usr/include/php5/Zend -I/usr/include/php5/ext -I/usr/include/php5/ext/date/lib -D_LARGEFILE_SOURCE -D_FILE_OFFSET_BITS=64
configure:3810: checking for PHP extension directory
configure:3812: result: /usr/lib/php5/20090626+lfs
configure:3814: checking for PHP installed headers prefix
configure:3816: result: /usr/include/php5
configure:3819: checking if debug is enabled
configure:3845: result: no
configure:3848: checking if zts is enabled
configure:3874: result: no
configure:3948: checking for re2c
configure:3978: result: no
configure:4003: WARNING: You will need re2c 0.13.4 or later if you want to regenerate PHP parsers.
configure:4017: checking for gawk
configure:4048: result: no
configure:4017: checking for nawk
configure:4034: found /usr/bin/nawk
configure:4045: result: nawk
configure:4068: checking if nawk is broken
configure:4075: result: no
configure:4089: checking whether to enable the thrift_protocol extension
configure:4131: result: yes, shared
configure:4198: checking for g++
configure:4214: found /usr/bin/g++
configure:4225: result: g++
configure:4252: checking for C++ compiler version
configure:4261: g++ --version >&5
g++ (Ubuntu 4.4.3-4ubuntu5) 4.4.3
Copyright (C) 2009 Free Software Foundation, Inc.
This is free software; see the source for copying conditions.  There is NO
warranty; not even for MERCHANTABILITY or FITNESS FOR A PARTICULAR PURPOSE.

configure:4272: $? = 0
configure:4261: g++ -v >&5
Using built-in specs.
Target: i486-linux-gnu
Configured with: ../src/configure -v --with-pkgversion='Ubuntu 4.4.3-4ubuntu5' --with-bugurl=file:///usr/share/doc/gcc-4.4/README.Bugs --enable-languages=c,c++,fortran,objc,obj-c++ --prefix=/usr --enable-shared --enable-multiarch --enable-linker-build-id --with-system-zlib --libexecdir=/usr/lib --without-included-gettext --enable-threads=posix --with-gxx-include-dir=/usr/include/c++/4.4 --program-suffix=-4.4 --enable-nls --enable-clocale=gnu --enable-libstdcxx-debug --enable-plugin --enable-objc-gc --enable-targets=all --disable-werror --with-arch-32=i486 --with-tune=generic --enable-checking=release --build=i486-linux-gnu --host=i486-linux-gnu --target=i486-linux-gnu
Thread model: posix
gcc version 4.4.3 (Ubuntu 4.4.3-4ubuntu5) 
configure:4272: $? = 0
configure:4261: g++ -V >&5
g++: '-V' option must have argument
configure:4272: $? = 1
configure:4261: g++ -qversion >&5
g++: unrecognized option '-qversion'
g++: no input files
configure:4272: $? = 1
configure:4276: checking whether we are using the GNU C++ compiler
configure:4295: g++ -c   conftest.cpp >&5
configure:4295: $? = 0
configure:4304: result: yes
configure:4313: checking whether g++ accepts -g
configure:4333: g++ -c -g  conftest.cpp >&5
configure:4333: $? = 0
configure:4374: result: yes
configure:4402: checking how to run the C++ preprocessor
configure:4429: g++ -E  conftest.cpp
configure:4429: $? = 0
configure:4443: g++ -E  conftest.cpp
conftest.cpp:9:28: error: ac_nonexistent.h: No such file or directory
configure:4443: $? = 1
configure: failed program was:
| /* confdefs.h */
| #define PACKAGE_NAME ""
| #define PACKAGE_TARNAME ""
| #define PACKAGE_VERSION ""
| #define PACKAGE_STRING ""
| #define PACKAGE_BUGREPORT ""
| #define PACKAGE_URL ""
| /* end confdefs.h.  */
| #include <ac_nonexistent.h>
configure:4468: result: g++ -E
configure:4488: g++ -E  conftest.cpp
configure:4488: $? = 0
configure:4502: g++ -E  conftest.cpp
conftest.cpp:9:28: error: ac_nonexistent.h: No such file or directory
configure:4502: $? = 1
configure: failed program was:
| /* confdefs.h */
| #define PACKAGE_NAME ""
| #define PACKAGE_TARNAME ""
| #define PACKAGE_VERSION ""
| #define PACKAGE_STRING ""
| #define PACKAGE_BUGREPORT ""
| #define PACKAGE_URL ""
| /* end confdefs.h.  */
| #include <ac_nonexistent.h>
configure:4959: checking for a sed that does not truncate output
configure:5023: result: /bin/sed
configure:5041: checking for fgrep
configure:5103: result: /bin/grep -F
configure:5138: checking for ld used by cc
configure:5205: result: /usr/bin/ld
configure:5212: checking if the linker (/usr/bin/ld) is GNU ld
configure:5227: result: yes
configure:5239: checking for BSD- or MS-compatible name lister (nm)
configure:5288: result: /usr/bin/nm -B
configure:5406: checking the name lister (/usr/bin/nm -B) interface
configure:5413: cc -c -g -O2  conftest.c >&5
configure:5416: /usr/bin/nm -B "conftest.o"
configure:5419: output
00000000 B some_variable
configure:5426: result: BSD nm
configure:5429: checking whether ln -s works
configure:5433: result: yes
configure:5441: checking the maximum length of command line arguments
configure:5561: result: 1572864
configure:5578: checking whether the shell understands some XSI constructs
configure:5588: result: yes
configure:5592: checking whether the shell understands "+="
configure:5598: result: yes
configure:5633: checking for /usr/bin/ld option to reload object files
configure:5640: result: -r
configure:5709: checking for objdump
configure:5725: found /usr/bin/objdump
configure:5736: result: objdump
configure:5768: checking how to recognize dependent libraries
configure:5964: result: pass_all
configure:6024: checking for ar
configure:6040: found /usr/bin/ar
configure:6051: result: ar
configure:6129: checking for strip
configure:6145: found /usr/bin/strip
configure:6156: result: strip
configure:6228: checking for ranlib
configure:6244: found /usr/bin/ranlib
configure:6255: result: ranlib
configure:6345: checking command to parse /usr/bin/nm -B output from cc object
configure:6463: cc -c -g -O2  conftest.c >&5
configure:6466: $? = 0
configure:6470: /usr/bin/nm -B conftest.o \| sed -n -e 's/^.*[	 ]\([ABCDGIRSTW][ABCDGIRSTW]*\)[	 ][	 ]*\([_A-Za-z][_A-Za-z0-9]*\)$/\1 \2 \2/p' \> conftest.nm
configure:6473: $? = 0
configure:6527: cc -o conftest -g -O2   conftest.c conftstm.o >&5
configure:6530: $? = 0
configure:6568: result: ok
configure:7371: checking for ANSI C header files
configure:7391: cc -c -g -O2  conftest.c >&5
configure:7391: $? = 0
configure:7464: cc -o conftest -g -O2   conftest.c  >&5
configure:7464: $? = 0
configure:7464: ./conftest
configure:7464: $? = 0
configure:7475: result: yes
configure:7488: checking for sys/types.h
configure:7488: cc -c -g -O2  conftest.c >&5
configure:7488: $? = 0
configure:7488: result: yes
configure:7488: checking for sys/stat.h
configure:7488: cc -c -g -O2  conftest.c >&5
configure:7488: $? = 0
configure:7488: result: yes
configure:7488: checking for stdlib.h
configure:7488: cc -c -g -O2  conftest.c >&5
configure:7488: $? = 0
configure:7488: result: yes
configure:7488: checking for string.h
configure:7488: cc -c -g -O2  conftest.c >&5
configure:7488: $? = 0
configure:7488: result: yes
configure:7488: checking for memory.h
configure:7488: cc -c -g -O2  conftest.c >&5
configure:7488: $? = 0
configure:7488: result: yes
configure:7488: checking for strings.h
configure:7488: cc -c -g -O2  conftest.c >&5
configure:7488: $? = 0
configure:7488: result: yes
configure:7488: checking for inttypes.h
configure:7488: cc -c -g -O2  conftest.c >&5
configure:7488: $? = 0
configure:7488: result: yes
configure:7488: checking for stdint.h
configure:7488: cc -c -g -O2  conftest.c >&5
configure:7488: $? = 0
configure:7488: result: yes
configure:7488: checking for unistd.h
configure:7488: cc -c -g -O2  conftest.c >&5
configure:7488: $? = 0
configure:7488: result: yes
configure:7503: checking for dlfcn.h
configure:7503: cc -c -g -O2  conftest.c >&5
configure:7503: $? = 0
configure:7503: result: yes
configure:7628: checking for C++ compiler version
configure:7637: g++ --version >&5
g++ (Ubuntu 4.4.3-4ubuntu5) 4.4.3
Copyright (C) 2009 Free Software Foundation, Inc.
This is free software; see the source for copying conditions.  There is NO
warranty; not even for MERCHANTABILITY or FITNESS FOR A PARTICULAR PURPOSE.

configure:7648: $? = 0
configure:7637: g++ -v >&5
Using built-in specs.
Target: i486-linux-gnu
Configured with: ../src/configure -v --with-pkgversion='Ubuntu 4.4.3-4ubuntu5' --with-bugurl=file:///usr/share/doc/gcc-4.4/README.Bugs --enable-languages=c,c++,fortran,objc,obj-c++ --prefix=/usr --enable-shared --enable-multiarch --enable-linker-build-id --with-system-zlib --libexecdir=/usr/lib --without-included-gettext --enable-threads=posix --with-gxx-include-dir=/usr/include/c++/4.4 --program-suffix=-4.4 --enable-nls --enable-clocale=gnu --enable-libstdcxx-debug --enable-plugin --enable-objc-gc --enable-targets=all --disable-werror --with-arch-32=i486 --with-tune=generic --enable-checking=release --build=i486-linux-gnu --host=i486-linux-gnu --target=i486-linux-gnu
Thread model: posix
gcc version 4.4.3 (Ubuntu 4.4.3-4ubuntu5) 
configure:7648: $? = 0
configure:7637: g++ -V >&5
g++: '-V' option must have argument
configure:7648: $? = 1
configure:7637: g++ -qversion >&5
g++: unrecognized option '-qversion'
g++: no input files
configure:7648: $? = 1
configure:7652: checking whether we are using the GNU C++ compiler
configure:7680: result: yes
configure:7689: checking whether g++ accepts -g
configure:7750: result: yes
configure:7781: checking how to run the C++ preprocessor
configure:7847: result: g++ -E
configure:7867: g++ -E  conftest.cpp
configure:7867: $? = 0
configure:7881: g++ -E  conftest.cpp
conftest.cpp:21:28: error: ac_nonexistent.h: No such file or directory
configure:7881: $? = 1
configure: failed program was:
| /* confdefs.h */
| #define PACKAGE_NAME ""
| #define PACKAGE_TARNAME ""
| #define PACKAGE_VERSION ""
| #define PACKAGE_STRING ""
| #define PACKAGE_BUGREPORT ""
| #define PACKAGE_URL ""
| #define COMPILE_DL_THRIFT_PROTOCOL 1
| #define STDC_HEADERS 1
| #define HAVE_SYS_TYPES_H 1
| #define HAVE_SYS_STAT_H 1
| #define HAVE_STDLIB_H 1
| #define HAVE_STRING_H 1
| #define HAVE_MEMORY_H 1
| #define HAVE_STRINGS_H 1
| #define HAVE_INTTYPES_H 1
| #define HAVE_STDINT_H 1
| #define HAVE_UNISTD_H 1
| #define HAVE_DLFCN_H 1
| /* end confdefs.h.  */
| #include <ac_nonexistent.h>
configure:8087: checking for objdir
configure:8102: result: .libs
configure:8398: checking if cc supports -fno-rtti -fno-exceptions
configure:8416: cc -c -g -O2  -fno-rtti -fno-exceptions conftest.c >&5
cc1: warning: command line option "-fno-rtti" is valid for C++/ObjC++ but not for C
configure:8420: $? = 0
configure:8433: result: no
configure:8453: checking for cc option to produce PIC
configure:8725: result: -fPIC -DPIC
configure:8737: checking if cc PIC flag -fPIC -DPIC works
configure:8755: cc -c -g -O2  -fPIC -DPIC -DPIC conftest.c >&5
configure:8759: $? = 0
configure:8772: result: yes
configure:8796: checking if cc static flag -static works
configure:8824: result: yes
configure:8839: checking if cc supports -c -o file.o
configure:8860: cc -c -g -O2  -o out/conftest2.o conftest.c >&5
configure:8864: $? = 0
configure:8886: result: yes
configure:8894: checking if cc supports -c -o file.o
configure:8941: result: yes
configure:8974: checking whether the cc linker (/usr/bin/ld) supports shared libraries
configure:9965: result: yes
configure:10002: checking whether -lc should be explicitly linked in
configure:10007: cc -c -g -O2  conftest.c >&5
configure:10010: $? = 0
configure:10025: cc -shared conftest.o  -v -Wl,-soname -Wl,conftest -o conftest 2\>\&1 \| /bin/grep  -lc  \>/dev/null 2\>\&1
configure:10028: $? = 0
configure:10040: result: no
configure:10204: checking dynamic linker characteristics
configure:10637: cc -o conftest -g -O2   -Wl,-rpath -Wl,/foo conftest.c  >&5
configure:10637: $? = 0
configure:10867: result: GNU/Linux ld.so
configure:10969: checking how to hardcode library paths into programs
configure:10994: result: immediate
configure:11514: checking whether stripping libraries is possible
configure:11519: result: yes
configure:11554: checking if libtool supports shared libraries
configure:11556: result: yes
configure:11559: checking whether to build shared libraries
configure:11580: result: yes
configure:11583: checking whether to build static libraries
configure:11587: result: no
configure:11737: checking for ld used by g++
configure:11804: result: /usr/bin/ld
configure:11811: checking if the linker (/usr/bin/ld) is GNU ld
configure:11826: result: yes
configure:11881: checking whether the g++ linker (/usr/bin/ld) supports shared libraries
configure:12794: result: yes
configure:12822: g++ -c -g -O2  conftest.cpp >&5
configure:12825: $? = 0
configure:13007: checking for g++ option to produce PIC
configure:13324: result: -fPIC -DPIC
configure:13333: checking if g++ PIC flag -fPIC -DPIC works
configure:13351: g++ -c -g -O2  -fPIC -DPIC -DPIC conftest.cpp >&5
configure:13355: $? = 0
configure:13368: result: yes
configure:13389: checking if g++ static flag -static works
configure:13417: result: yes
configure:13429: checking if g++ supports -c -o file.o
configure:13450: g++ -c -g -O2  -o out/conftest2.o conftest.cpp >&5
configure:13454: $? = 0
configure:13476: result: yes
configure:13481: checking if g++ supports -c -o file.o
configure:13528: result: yes
configure:13558: checking whether the g++ linker (/usr/bin/ld) supports shared libraries
configure:13587: result: yes
configure:13724: checking dynamic linker characteristics
configure:14105: g++ -o conftest -g -O2   -Wl,-rpath -Wl,/foo conftest.cpp  >&5
configure:14105: $? = 0
configure:14335: result: GNU/Linux ld.so
configure:14386: checking how to hardcode library paths into programs
configure:14411: result: immediate
configure:14696: creating ./config.status

## ---------------------- ##
## Running config.status. ##
## ---------------------- ##

This file was extended by config.status, which was
generated by GNU Autoconf 2.65.  Invocation command line was

  CONFIG_FILES    = 
  CONFIG_HEADERS  = 
  CONFIG_LINKS    = 
  CONFIG_COMMANDS = 
  $ ./config.status 

on osiris

config.status:930: creating config.h
config.status:1034: executing libtool commands

## ---------------- ##
## Cache variables. ##
## ---------------- ##

ac_cv_build=i686-pc-linux-gnu
ac_cv_c_compiler_gnu=yes
ac_cv_cxx_compiler_gnu=yes
ac_cv_env_CCC_set=
ac_cv_env_CCC_value=
ac_cv_env_CC_set=
ac_cv_env_CC_value=
ac_cv_env_CFLAGS_set=
ac_cv_env_CFLAGS_value=
ac_cv_env_CPPFLAGS_set=
ac_cv_env_CPPFLAGS_value=
ac_cv_env_CPP_set=
ac_cv_env_CPP_value=
ac_cv_env_CXXCPP_set=
ac_cv_env_CXXCPP_value=
ac_cv_env_CXXFLAGS_set=
ac_cv_env_CXXFLAGS_value=
ac_cv_env_CXX_set=
ac_cv_env_CXX_value=
ac_cv_env_LDFLAGS_set=
ac_cv_env_LDFLAGS_value=
ac_cv_env_LIBS_set=
ac_cv_env_LIBS_value=
ac_cv_env_build_alias_set=
ac_cv_env_build_alias_value=
ac_cv_env_host_alias_set=
ac_cv_env_host_alias_value=
ac_cv_env_target_alias_set=
ac_cv_env_target_alias_value=
ac_cv_header_dlfcn_h=yes
ac_cv_header_inttypes_h=yes
ac_cv_header_memory_h=yes
ac_cv_header_stdc=yes
ac_cv_header_stdint_h=yes
ac_cv_header_stdlib_h=yes
ac_cv_header_string_h=yes
ac_cv_header_strings_h=yes
ac_cv_header_sys_stat_h=yes
ac_cv_header_sys_types_h=yes
ac_cv_header_unistd_h=yes
ac_cv_host=i686-pc-linux-gnu
ac_cv_objext=o
ac_cv_path_EGREP='/bin/grep -E'
ac_cv_path_FGREP='/bin/grep -F'
ac_cv_path_GREP=/bin/grep
ac_cv_path_SED=/bin/sed
ac_cv_prog_AWK=nawk
ac_cv_prog_CPP='cc -E'
ac_cv_prog_CXXCPP='g++ -E'
ac_cv_prog_ac_ct_AR=ar
ac_cv_prog_ac_ct_CC=cc
ac_cv_prog_ac_ct_CXX=g++
ac_cv_prog_ac_ct_OBJDUMP=objdump
ac_cv_prog_ac_ct_RANLIB=ranlib
ac_cv_prog_ac_ct_STRIP=strip
ac_cv_prog_cc_c89=
ac_cv_prog_cc_cc_c_o=yes
ac_cv_prog_cc_g=yes
ac_cv_prog_cxx_g=yes
ac_cv_target=i686-pc-linux-gnu
lt_cv_deplibs_check_method=pass_all
lt_cv_file_magic_cmd='$MAGIC_CMD'
lt_cv_file_magic_test_file=
lt_cv_ld_reload_flag=-r
lt_cv_nm_interface='BSD nm'
lt_cv_objdir=.libs
lt_cv_path_LD=/usr/bin/ld
lt_cv_path_LDCXX=/usr/bin/ld
lt_cv_path_NM='/usr/bin/nm -B'
lt_cv_prog_compiler_c_o=yes
lt_cv_prog_compiler_c_o_CXX=yes
lt_cv_prog_compiler_pic_works=yes
lt_cv_prog_compiler_pic_works_CXX=yes
lt_cv_prog_compiler_rtti_exceptions=no
lt_cv_prog_compiler_static_works=yes
lt_cv_prog_compiler_static_works_CXX=yes
lt_cv_prog_gnu_ld=yes
lt_cv_prog_gnu_ldcxx=yes
lt_cv_sys_global_symbol_pipe='sed -n -e '\''s/^.*[	 ]\([ABCDGIRSTW][ABCDGIRSTW]*\)[	 ][	 ]*\([_A-Za-z][_A-Za-z0-9]*\)$/\1 \2 \2/p'\'''
lt_cv_sys_global_symbol_to_c_name_address='sed -n -e '\''s/^: \([^ ]*\) $/  {\"\1\", (void *) 0},/p'\'' -e '\''s/^[ABCDGIRSTW]* \([^ ]*\) \([^ ]*\)$/  {"\2", (void *) \&\2},/p'\'''
lt_cv_sys_global_symbol_to_c_name_address_lib_prefix='sed -n -e '\''s/^: \([^ ]*\) $/  {\"\1\", (void *) 0},/p'\'' -e '\''s/^[ABCDGIRSTW]* \([^ ]*\) \(lib[^ ]*\)$/  {"\2", (void *) \&\2},/p'\'' -e '\''s/^[ABCDGIRSTW]* \([^ ]*\) \([^ ]*\)$/  {"lib\2", (void *) \&\2},/p'\'''
lt_cv_sys_global_symbol_to_cdecl='sed -n -e '\''s/^T .* \(.*\)$/extern int \1();/p'\'' -e '\''s/^[ABCDGIRSTW]* .* \(.*\)$/extern char \1;/p'\'''
lt_cv_sys_max_cmd_len=1572864
php_cv_cc_dashr=no
php_cv_cc_rpath=yes

## ----------------- ##
## Output variables. ##
## ----------------- ##

AR='ar'
AWK='nawk'
CC='cc'
CFLAGS='-g -O2'
CONFIGURE_COMMAND=' '\''./configure'\'' '
CONFIGURE_OPTIONS=''
CPP='cc -E'
CPPFLAGS=' -DHAVE_CONFIG_H'
CXX='g++'
CXXCPP='g++ -E'
CXXFLAGS='-g -O2'
DEFS='-DHAVE_CONFIG_H'
DSYMUTIL=''
DUMPBIN=''
ECHO_C=''
ECHO_N='-n'
ECHO_T=''
EGREP='/bin/grep -E'
EXEEXT=''
FGREP='/bin/grep -F'
GREP='/bin/grep'
LD='/usr/bin/ld'
LDFLAGS=''
LIBOBJS=''
LIBS=''
LIBTOOL='$(SHELL) $(top_builddir)/libtool'
LIPO=''
LN_S='ln -s'
LTLIBOBJS=''
NM='/usr/bin/nm -B'
NMEDIT=''
OBJDUMP='objdump'
OBJEXT='o'
OTOOL64=''
OTOOL=''
PACKAGE_BUGREPORT=''
PACKAGE_NAME=''
PACKAGE_STRING=''
PACKAGE_TARNAME=''
PACKAGE_URL=''
PACKAGE_VERSION=''
PATH_SEPARATOR=':'
RANLIB='ranlib'
RE2C='exit 0;'
SED='/bin/sed'
SHELL='/bin/bash'
SHLIB_DL_SUFFIX_NAME='so'
SHLIB_SUFFIX_NAME='so'
STRIP='strip'
ac_ct_CC='cc'
ac_ct_CXX='g++'
ac_ct_DUMPBIN=''
bindir='${exec_prefix}/bin'
build='i686-pc-linux-gnu'
build_alias=''
build_cpu='i686'
build_os='linux-gnu'
build_vendor='pc'
datadir='${datarootdir}'
datarootdir='${prefix}/share'
docdir='${datarootdir}/doc/${PACKAGE}'
dvidir='${docdir}'
exec_prefix='$(prefix)'
host='i686-pc-linux-gnu'
host_alias='i686-pc-linux-gnu'
host_cpu='i686'
host_os='linux-gnu'
host_vendor='pc'
htmldir='${docdir}'
includedir='${prefix}/include'
infodir='${datarootdir}/info'
libdir='${exec_prefix}/lib'
libexecdir='${exec_prefix}/libexec'
localedir='${datarootdir}/locale'
localstatedir='${prefix}/var'
lt_ECHO='echo'
mandir='${datarootdir}/man'
oldincludedir='/usr/include'
pdfdir='${docdir}'
prefix='/usr'
program_transform_name='s,x,x,'
psdir='${docdir}'
sbindir='${exec_prefix}/sbin'
sharedstatedir='${prefix}/com'
sysconfdir='${prefix}/etc'
target='i686-pc-linux-gnu'
target_alias=''
target_cpu='i686'
target_os='linux-gnu'
target_vendor='pc'

## ----------- ##
## confdefs.h. ##
## ----------- ##

/* confdefs.h */
#define PACKAGE_NAME ""
#define PACKAGE_TARNAME ""
#define PACKAGE_VERSION ""
#define PACKAGE_STRING ""
#define PACKAGE_BUGREPORT ""
#define PACKAGE_URL ""
#define COMPILE_DL_THRIFT_PROTOCOL 1
#define STDC_HEADERS 1
#define HAVE_SYS_TYPES_H 1
#define HAVE_SYS_STAT_H 1
#define HAVE_STDLIB_H 1
#define HAVE_STRING_H 1
#define HAVE_MEMORY_H 1
#define HAVE_STRINGS_H 1
#define HAVE_INTTYPES_H 1
#define HAVE_STDINT_H 1
#define HAVE_UNISTD_H 1
#define HAVE_DLFCN_H 1
#define LT_OBJDIR ".libs/"

configure: exit 0
